<?xml version="1.0" encoding="UTF-8"?>
<!-- Generated by org.testng.reporters.JUnitXMLReporter -->
<testsuite ignored="0" hostname="DESKTOP-REJ3M5T" failures="0" tests="2" name="Default test" time="80.798" errors="0" timestamp="2025-06-27T12:07:34 SAST">
  <testcase classname="com.dennismamyala.automation.My_First_Project.ErrorValidationTest" name="bookingErrorValidation" time="8.442"/>
  <testcase classname="com.dennismamyala.automation.My_First_Project.ErrorValidationTest" name="loginErrorValidation" time="5.476"/>
</testsuite> <!-- Default test -->
