<?xml version="1.0" encoding="UTF-8"?>
<!-- Generated by org.testng.reporters.JUnitXMLReporter -->
<testsuite ignored="0" hostname="DESKTOP-REJ3M5T" failures="0" tests="8" name="Default test" time="359.886" errors="0" timestamp="2025-06-27T21:36:59 SAST">
  <testcase classname="com.dennismamyala.automation.My_First_Project.BookAppointment" name="bookAppointmentTest" time="40.158"/>
  <testcase classname="com.dennismamyala.automation.My_First_Project.BookAppointment" name="testLogoutFromHomepage" time="7.47"/>
  <testcase classname="com.dennismamyala.automation.My_First_Project.BookAppointment" name="testLogoutFromProfileUsingBurgerMenu" time="9.348"/>
  <testcase classname="com.dennismamyala.automation.My_First_Project.BookAppointment" name="testLogoutFromProfileUsingLogoutBtn" time="11.635"/>
  <testcase classname="com.dennismamyala.automation.My_First_Project.BookAppointment" name="testNavigateToHistoryFromAppointmentForm" time="18.883"/>
  <testcase classname="com.dennismamyala.automation.My_First_Project.BookAppointment" name="testNavigateToHistoryFromProfile" time="31.391"/>
  <testcase classname="com.dennismamyala.automation.My_First_Project.BookAppointment" name="testNavigateToProfileFromAppointmentForm" time="6.074"/>
  <testcase classname="com.dennismamyala.automation.My_First_Project.BookAppointment" name="testNavigateToProfileFromHistory" time="9.317"/>
</testsuite> <!-- Default test -->
