<?xml version="1.0" encoding="UTF-8"?>
<!-- Generated by org.testng.reporters.JUnitXMLReporter -->
<testsuite ignored="0" hostname="DESKTOP-REJ3M5T" failures="1" tests="6" name="Test" time="372.054" errors="0" timestamp="2025-07-03T16:15:28 SAST">
  <testcase classname="com.dennismamyala.automation.My_First_Project.ErrorValidationTest" name="loginErrorValidation" time="6.525"/>
  <testcase classname="com.dennismamyala.automation.My_First_Project.ErrorValidationTest" name="loginErrorValidation" time="5.883"/>
  <testcase classname="com.dennismamyala.automation.My_First_Project.ErrorValidationTest" name="loginErrorValidation" time="5.9"/>
  <testcase classname="com.dennismamyala.automation.My_First_Project.ErrorValidationTest" name="loginErrorValidation" time="6.242">
    <skipped/>
  </testcase> <!-- loginErrorValidation -->
  <testcase classname="com.dennismamyala.automation.My_First_Project.ErrorValidationTest" name="loginErrorValidation" time="6.915">
    <skipped/>
  </testcase> <!-- loginErrorValidation -->
  <testcase classname="com.dennismamyala.automation.My_First_Project.ErrorValidationTest" name="loginErrorValidation" time="7.086">
    <failure type="java.lang.AssertionError" message="expected [ogin failed! Please ensure the username and password are valid.] but found [Login failed! Please ensure the username and password are valid.]">
      <![CDATA[java.lang.AssertionError: expected [ogin failed! Please ensure the username and password are valid.] but found [Login failed! Please ensure the username and password are valid.]
at Utils.WebDriverUtils.assertEquals(WebDriverUtils.java:46)
at com.dennismamyala.automation.My_First_Project.Pages.Login_Page.hasErrorAppeared(Login_Page.java:63)
at com.dennismamyala.automation.My_First_Project.Base.BaseTest.hasErrorMessageAppeared(BaseTest.java:122)
at com.dennismamyala.automation.My_First_Project.ErrorValidationTest.loginErrorValidation(ErrorValidationTest.java:22)
at java.base/java.util.ArrayList.forEach(ArrayList.java:1596)
... Removed 30 stack frames]]>
    </failure>
  </testcase> <!-- loginErrorValidation -->
</testsuite> <!-- Test -->
